<?xml version="1.0" encoding="UTF-8"?>
<!-- Generated by org.testng.reporters.JUnitReportReporter -->
<testsuite skipped="0" hostname="DESKTOP-CPVMOC0" name="testcases.TC_One" tests="1" failures="0" timestamp="11 Nov 2018 15:35:18 GMT" time="31.919" errors="0">
  <testcase name="LaunchPage" time="31.919" classname="testcases.TC_One"/>
</testsuite> <!-- testcases.TC_One -->
