<?xml version="1.0" encoding="UTF-8"?>
<!-- Generated by org.testng.reporters.JUnitReportReporter -->
<testsuite skipped="0" hostname="DESKTOP-CPVMOC0" name="testcases.TC_One" tests="2" failures="0" timestamp="11 Dec 2018 18:11:18 GMT" time="51.179" errors="0">
  <testcase name="LaunchPage" time="20.332" classname="testcases.TC_One"/>
  <testcase name="LaunchPage" time="30.847" classname="testcases.TC_One"/>
</testsuite> <!-- testcases.TC_One -->
