<?xml version="1.0" encoding="UTF-8"?>
<!-- Generated by org.testng.reporters.JUnitReportReporter -->
<testsuite skipped="0" hostname="DESKTOP-CPVMOC0" name="testcases.TC_One" tests="2" failures="0" timestamp="12 Dec 2018 17:40:04 GMT" time="35.091" errors="0">
  <testcase name="LaunchPage" time="16.999" classname="testcases.TC_One"/>
  <testcase name="LaunchPage" time="18.092" classname="testcases.TC_One"/>
</testsuite> <!-- testcases.TC_One -->
